<html>
<head>
<title>TestNG:  Test</title>
<link href="../testng.css" rel="stylesheet" type="text/css" />
<link href="../my-testng.css" rel="stylesheet" type="text/css" />

<style type="text/css">
.log { display: none;} 
.stack-trace { display: none;} 
</style>
<script type="text/javascript">
<!--
function flip(e) {
  current = e.style.display;
  if (current == 'block') {
    e.style.display = 'none';
    return 0;
  }
  else {
    e.style.display = 'block';
    return 1;
  }
}

function toggleBox(szDivId, elem, msg1, msg2)
{
  var res = -1;  if (document.getElementById) {
    res = flip(document.getElementById(szDivId));
  }
  else if (document.all) {
    // this is the way old msie versions work
    res = flip(document.all[szDivId]);
  }
  if(elem) {
    if(res == 0) elem.innerHTML = msg1; else elem.innerHTML = msg2;
  }

}

function toggleAllBoxes() {
  if (document.getElementsByTagName) {
    d = document.getElementsByTagName('div');
    for (i = 0; i < d.length; i++) {
      if (d[i].className == 'log') {
        flip(d[i]);
      }
    }
  }
}

// -->
</script>

</head>
<body>
<h2 align='center'>Test</h2><table border='1' align="center">
<tr>
<td>Tests passed/Failed/Skipped:</td><td>4/1/0</td>
</tr><tr>
<td>Started on:</td><td>Fri Mar 28 19:50:21 IST 2025</td>
</tr>
<tr><td>Total time:</td><td>121 seconds (121716 ms)</td>
</tr><tr>
<td>Included groups:</td><td></td>
</tr><tr>
<td>Excluded groups:</td><td></td>
</tr>
</table><p/>
<small><i>(Hover the method name to see the test class name)</i></small><p/>
<table width='100%' border='1' class='invocation-failed'>
<tr><td colspan='4' align='center'><b>FAILED TESTS</b></td></tr>
<tr><td><b>Test method</b></td>
<td><b>Attribute(s)</b></td>
<td width="30%"><b>Exception</b></td>
<td width="10%"><b>Time (seconds)</b></td>
<td><b>Instance</b></td>
</tr>
<tr>
<td title='selframework.Create_Product.createProduct()'><b>createProduct</b><br>Test class: selframework.Create_Product</td>
<td><div><pre>org.openqa.selenium.NoSuchElementException: Cannot locate option with text: VID_001
For documentation on this error, please visit: https://www.selenium.dev/documentation/webdriver/troubleshooting/errors#no-such-element-exception
Build info: version: &apos;4.26.0&apos;, revision: &apos;8ccf0219d7&apos;
System info: os.name: &apos;Windows 10&apos;, os.arch: &apos;amd64&apos;, os.version: &apos;10.0&apos;, java.version: &apos;17.0.4.1&apos;
Driver info: driver.version: unknown
	at org.openqa.selenium.support.ui.Select.selectByVisibleText(Select.java:153)
	at generic_utilities.WebDriverUtility.selectByVisibleText(WebDriverUtility.java:71)
	at objectrepositary.CreateProduct.createProduct(CreateProduct.java:70)
	at selframework.Create_Product.createProduct(Create_Product.java:66)
	at java.base/java.util.ArrayList.forEach(ArrayList.java:1511)
... Removed 27 stack frames</pre></div><a href='#' onClick='toggleBox("stack-trace578102596", this, "Click to show all stack frames", "Click to hide stack frames")'>Click to show all stack frames</a>
<div class='stack-trace' id='stack-trace578102596'><pre>org.openqa.selenium.NoSuchElementException: Cannot locate option with text: VID_001
For documentation on this error, please visit: https://www.selenium.dev/documentation/webdriver/troubleshooting/errors#no-such-element-exception
Build info: version: &apos;4.26.0&apos;, revision: &apos;8ccf0219d7&apos;
System info: os.name: &apos;Windows 10&apos;, os.arch: &apos;amd64&apos;, os.version: &apos;10.0&apos;, java.version: &apos;17.0.4.1&apos;
Driver info: driver.version: unknown
	at org.openqa.selenium.support.ui.Select.selectByVisibleText(Select.java:153)
	at generic_utilities.WebDriverUtility.selectByVisibleText(WebDriverUtility.java:71)
	at objectrepositary.CreateProduct.createProduct(CreateProduct.java:70)
	at selframework.Create_Product.createProduct(Create_Product.java:66)
	at java.base/jdk.internal.reflect.NativeMethodAccessorImpl.invoke0(Native Method)
	at java.base/jdk.internal.reflect.NativeMethodAccessorImpl.invoke(NativeMethodAccessorImpl.java:77)
	at java.base/jdk.internal.reflect.DelegatingMethodAccessorImpl.invoke(DelegatingMethodAccessorImpl.java:43)
	at java.base/java.lang.reflect.Method.invoke(Method.java:568)
	at org.testng.internal.invokers.MethodInvocationHelper.invokeMethod(MethodInvocationHelper.java:141)
	at org.testng.internal.invokers.TestInvoker.invokeMethod(TestInvoker.java:686)
	at org.testng.internal.invokers.TestInvoker.invokeTestMethod(TestInvoker.java:230)
	at org.testng.internal.invokers.MethodRunner.runInSequence(MethodRunner.java:63)
	at org.testng.internal.invokers.TestInvoker$MethodInvocationAgent.invoke(TestInvoker.java:992)
	at org.testng.internal.invokers.TestInvoker.invokeTestMethods(TestInvoker.java:203)
	at org.testng.internal.invokers.TestMethodWorker.invokeTestMethods(TestMethodWorker.java:154)
	at org.testng.internal.invokers.TestMethodWorker.run(TestMethodWorker.java:134)
	at java.base/java.util.ArrayList.forEach(ArrayList.java:1511)
	at org.testng.TestRunner.privateRun(TestRunner.java:739)
	at org.testng.TestRunner.run(TestRunner.java:614)
	at org.testng.SuiteRunner.runTest(SuiteRunner.java:421)
	at org.testng.SuiteRunner.runSequentially(SuiteRunner.java:413)
	at org.testng.SuiteRunner.privateRun(SuiteRunner.java:373)
	at org.testng.SuiteRunner.run(SuiteRunner.java:312)
	at org.testng.SuiteRunnerWorker.runSuite(SuiteRunnerWorker.java:52)
	at org.testng.SuiteRunnerWorker.run(SuiteRunnerWorker.java:95)
	at org.testng.TestNG.runSuitesSequentially(TestNG.java:1274)
	at org.testng.TestNG.runSuitesLocally(TestNG.java:1208)
	at org.testng.TestNG.runSuites(TestNG.java:1112)
	at org.testng.TestNG.run(TestNG.java:1079)
	at org.testng.remote.AbstractRemoteTestNG.run(AbstractRemoteTestNG.java:115)
	at org.testng.remote.RemoteTestNG.initAndRun(RemoteTestNG.java:293)
	at org.testng.remote.RemoteTestNG.main(RemoteTestNG.java:91)
</pre></div></td>
<td>21</td>
<td>selframework.Create_Product@35dab4eb</td></tr>
</table><p>
<table width='100%' border='1' class='invocation-passed'>
<tr><td colspan='4' align='center'><b>PASSED TESTS</b></td></tr>
<tr><td><b>Test method</b></td>
<td><b>Attribute(s)</b></td>
<td width="30%"><b>Exception</b></td>
<td width="10%"><b>Time (seconds)</b></td>
<td><b>Instance</b></td>
</tr>
<tr>
<td title='selframework.Create_Campaign.createCampaignTestWithMandatoryFields()'><b>createCampaignTestWithMandatoryFields</b><br>Test class: selframework.Create_Campaign<br/>
<a href="#Output-495984416" onClick='toggleBox("Output-495984416", this, "Show output", "Hide output");'>Show output</a>

<a href="#Output-495984416" onClick="toggleAllBoxes();">Show all outputs</a>
<div class='log' id="Output-495984416">
Campaign Salvatoregroups_110 added successfully<br/>
</div>
</td>
<td></td>
<td>12</td>
<td>selframework.Create_Campaign@2d901eb0</td></tr>
<tr>
<td title='selframework.LoginandLogoutTest.loginLogoutTest()'><b>loginLogoutTest</b><br>Test class: selframework.LoginandLogoutTest<br/>
<a href="#Output-1254649194" onClick='toggleBox("Output-1254649194", this, "Show output", "Hide output");'>Show output</a>

<a href="#Output-1254649194" onClick="toggleAllBoxes();">Show all outputs</a>
<div class='log' id="Output-1254649194">
Validation is passed<br/>
Logged in Successfully<br/>
Logged out Successfully<br/>
</div>
</td>
<td></td>
<td>0</td>
<td>selframework.LoginandLogoutTest@8519cb4</td></tr>
<tr>
<td title='selframework.Create_Contact.createContactTest()'><b>createContactTest</b><br>Test class: selframework.Create_Contact<br/>
<a href="#Output-1300399812" onClick='toggleBox("Output-1300399812", this, "Show output", "Hide output");'>Show output</a>

<a href="#Output-1300399812" onClick="toggleAllBoxes();">Show all outputs</a>
<div class='log' id="Output-1300399812">
Contact Salvatorebrothers53 added successfully<br/>
</div>
</td>
<td></td>
<td>10</td>
<td>selframework.Create_Contact@4a83a74a</td></tr>
<tr>
<td title='selframework.Create_Campaign.createCampaignTest()'><b>createCampaignTest</b><br>Test class: selframework.Create_Campaign<br/>
<a href="#Output-1786077314" onClick='toggleBox("Output-1786077314", this, "Show output", "Hide output");'>Show output</a>

<a href="#Output-1786077314" onClick="toggleAllBoxes();">Show all outputs</a>
<div class='log' id="Output-1786077314">
Campaign Salvatoregroups_961 added successfully<br/>
</div>
</td>
<td></td>
<td>12</td>
<td>selframework.Create_Campaign@2d901eb0</td></tr>
</table><p>
</body>
</html>